[debug] [2020-08-03T11:54:25.693Z] ----------------------------------------------------------------------
[debug] [2020-08-03T11:54:25.695Z] Command:       /usr/local/bin/node /usr/local/bin/firebase projects:create
[debug] [2020-08-03T11:54:25.695Z] CLI Version:   8.6.0
[debug] [2020-08-03T11:54:25.695Z] Platform:      darwin
[debug] [2020-08-03T11:54:25.695Z] Node Version:  v12.18.1
[debug] [2020-08-03T11:54:25.696Z] Time:          Mon Aug 03 2020 07:54:25 GMT-0400 (Eastern Daylight Time)
[debug] [2020-08-03T11:54:25.696Z] ----------------------------------------------------------------------
[debug] [2020-08-03T11:54:25.696Z] 
[debug] [2020-08-03T11:54:25.702Z] > command requires scopes: ["email","openid","https://www.googleapis.com/auth/cloudplatformprojects.readonly","https://www.googleapis.com/auth/firebase","https://www.googleapis.com/auth/cloud-platform"]
[debug] [2020-08-03T11:54:25.703Z] > authorizing via signed-in user
[debug] [2020-08-03T11:54:48.930Z] ----------------------------------------------------------------------
[debug] [2020-08-03T11:54:48.932Z] Command:       /usr/local/bin/node /usr/local/bin/firebase projects:create Canary-project
[debug] [2020-08-03T11:54:48.932Z] CLI Version:   8.6.0
[debug] [2020-08-03T11:54:48.932Z] Platform:      darwin
[debug] [2020-08-03T11:54:48.932Z] Node Version:  v12.18.1
[debug] [2020-08-03T11:54:48.933Z] Time:          Mon Aug 03 2020 07:54:48 GMT-0400 (Eastern Daylight Time)
[debug] [2020-08-03T11:54:48.933Z] ----------------------------------------------------------------------
[debug] [2020-08-03T11:54:48.933Z] 
[debug] [2020-08-03T11:54:48.938Z] > command requires scopes: ["email","openid","https://www.googleapis.com/auth/cloudplatformprojects.readonly","https://www.googleapis.com/auth/firebase","https://www.googleapis.com/auth/cloud-platform"]
[debug] [2020-08-03T11:54:48.939Z] > authorizing via signed-in user
[debug] [2020-08-03T11:54:59.348Z] >>> HTTP REQUEST POST https://cloudresourcemanager.googleapis.com/v1/projects  
 {"projectId":"Canary-project","name":"Canary-project"}
[debug] [2020-08-03T11:54:59.585Z] <<< HTTP RESPONSE 400 {"vary":"X-Origin, Referer, Origin,Accept-Encoding","content-type":"application/json; charset=UTF-8","date":"Mon, 03 Aug 2020 11:54:59 GMT","server":"ESF","cache-control":"private","x-xss-protection":"0","x-frame-options":"SAMEORIGIN","x-content-type-options":"nosniff","server-timing":"gfet4t7; dur=127","alt-svc":"h3-29=\":443\"; ma=2592000,h3-27=\":443\"; ma=2592000,h3-T050=\":443\"; ma=2592000,h3-Q050=\":443\"; ma=2592000,h3-Q046=\":443\"; ma=2592000,h3-Q043=\":443\"; ma=2592000,quic=\":443\"; ma=2592000; v=\"46,43\"","accept-ranges":"none","transfer-encoding":"chunked"}
[debug] [2020-08-03T11:54:59.586Z] <<< HTTP RESPONSE BODY {"error":{"code":400,"message":"field [project_id] has issue [project_id contains invalid characters]","status":"INVALID_ARGUMENT","details":[{"@type":"type.googleapis.com/google.rpc.BadRequest","fieldViolations":[{"field":"project_id","description":"project_id contains invalid characters"}]},{"@type":"type.googleapis.com/google.rpc.Help","links":[{"url":"https://cloud.google.com/resource-manager/reference/rest/v1/projects"}]}]}}
[debug] [2020-08-03T11:54:59.678Z] FirebaseError: HTTP Error: 400, field [project_id] has issue [project_id contains invalid characters]
    at module.exports (/usr/local/lib/node_modules/firebase-tools/lib/responseToError.js:38:12)
    at Request._callback (/usr/local/lib/node_modules/firebase-tools/lib/api.js:41:35)
    at Request.self.callback (/usr/local/lib/node_modules/firebase-tools/node_modules/request/request.js:185:22)
    at Request.emit (events.js:315:20)
    at Request.EventEmitter.emit (domain.js:482:12)
    at Request.<anonymous> (/usr/local/lib/node_modules/firebase-tools/node_modules/request/request.js:1154:10)
    at Request.emit (events.js:315:20)
    at Request.EventEmitter.emit (domain.js:482:12)
    at IncomingMessage.<anonymous> (/usr/local/lib/node_modules/firebase-tools/node_modules/request/request.js:1076:12)
    at Object.onceWrapper (events.js:421:28)
    at IncomingMessage.emit (events.js:327:22)
    at IncomingMessage.EventEmitter.emit (domain.js:482:12)
    at endReadableNT (_stream_readable.js:1221:12)
    at processTicksAndRejections (internal/process/task_queues.js:84:21)
[error] 
[error] Error: Failed to create project. See firebase-debug.log for more info.
